<?xml version="1.0" encoding="utf-8"?><testsuites><testsuite errors="0" failures="0" hostname="iagoprior-desktop" name="pytest" skipped="0" tests="4" time="3.233" timestamp="2020-07-14T21:43:08.523355"><testcase classname="test_submit" file="test_submit.py" line="3" name="test_q1" time="0.045"></testcase><testcase classname="test_submit" file="test_submit.py" line="8" name="test_q2" time="0.045"></testcase><testcase classname="test_submit" file="test_submit.py" line="13" name="test_q3" time="0.074"></testcase><testcase classname="test_submit" file="test_submit.py" line="18" name="test_q4" time="0.384"></testcase></testsuite></testsuites>